<?xml version="1.0" encoding="UTF-8"?>
<testng-results ignored="0" total="1" passed="1" failed="0" skipped="0">
  <reporter-output>
  </reporter-output>
  <suite started-at="2025-01-02T10:31:37 IST" name="Default suite" finished-at="2025-01-02T10:31:51 IST" duration-ms="14103">
    <groups>
      <group name="cucumber">
        <method signature="AbstractTestNGCucumberTests.runScenario(io.cucumber.testng.PickleWrapper,io.cucumber.testng.FeatureWrapper)[pri:0, instance:com.SBI.SCO.runners.TestRunner@7ea9e1e2]" name="runScenario" class="io.cucumber.testng.AbstractTestNGCucumberTests"/>
      </group> <!-- cucumber -->
    </groups>
    <test started-at="2025-01-02T10:31:37 IST" name="Default test" finished-at="2025-01-02T10:31:51 IST" duration-ms="14103">
      <class name="com.SBI.SCO.runners.TestRunner">
        <test-method is-config="true" signature="setUpClass(org.testng.ITestContext)[pri:0, instance:com.SBI.SCO.runners.TestRunner@7ea9e1e2]" started-at="2025-01-02T10:31:37 IST" name="setUpClass" finished-at="2025-01-02T10:31:38 IST" duration-ms="1117" status="PASS">
          <params>
            <param index="0">
              <value>
                <![CDATA[org.testng.TestRunner@766a49c7]]>
              </value>
            </param>
          </params>
          <reporter-output>
          </reporter-output>
        </test-method> <!-- setUpClass -->
        <test-method signature="runScenario(io.cucumber.testng.PickleWrapper,io.cucumber.testng.FeatureWrapper)[pri:0, instance:com.SBI.SCO.runners.TestRunner@7ea9e1e2]" started-at="2025-01-02T10:31:38 IST" name="runScenario" description="Runs Cucumber Scenarios" data-provider="scenarios" finished-at="2025-01-02T10:31:51 IST" duration-ms="12781" status="PASS">
          <params>
            <param index="0">
              <value>
                <![CDATA["Login using Excel data"]]>
              </value>
            </param>
            <param index="1">
              <value>
                <![CDATA["Login"]]>
              </value>
            </param>
          </params>
          <reporter-output>
          </reporter-output>
        </test-method> <!-- runScenario -->
        <test-method is-config="true" signature="tearDownClass()[pri:0, instance:com.SBI.SCO.runners.TestRunner@7ea9e1e2]" started-at="2025-01-02T10:31:51 IST" name="tearDownClass" finished-at="2025-01-02T10:31:51 IST" duration-ms="82" status="PASS">
          <reporter-output>
          </reporter-output>
        </test-method> <!-- tearDownClass -->
      </class> <!-- com.SBI.SCO.runners.TestRunner -->
    </test> <!-- Default test -->
  </suite> <!-- Default suite -->
</testng-results>
